Arguments: 
  /home/shane/.nvm/versions/node/v14.9.0/bin/node /home/shane/.nvm/versions/node/v14.9.0/bin/yarn install

PATH: 
  /usr/local/bin:/home/shane/.nvm/versions/node/v14.9.0/bin:/home/shane/.rbenv/shims:/usr/local/bin:/home/shane/.nvm/versions/node/v14.9.0/bin:/home/shane/.rbenv/shims:/usr/local/bin:/home/shane/.nvm/versions/node/v14.9.0/bin:/home/shane/.rbenv/shims:/usr/local/bin:/home/shane/.nvm/versions/node/v14.9.0/bin:/home/shane/.rbenv/shims:/usr/local/bin:/home/shane/.nvm/versions/node/v14.9.0/bin:/home/shane/.rbenv/shims:/home/linuxbrew/.linuxbrew/bin:/home/linuxbrew/.linuxbrew/sbin:/home/shane/.local/bin:/usr/local/sbin:/usr/local/bin:/usr/sbin:/usr/bin:/sbin:/bin:/usr/games:/usr/local/games:/snap/bin:/home/shane/Code/go/bin:/usr/local/go/bin:/home/shane/Android/Sdk/emulator:/home/shane/Android/Sdk/tools:/home/shane/Android/Sdk/tools/bin:/home/shane/Android/Sdk/platform-tools:/home/shane/.i3/scripts:/home/shane/.local:/home/shane/.local/bin:/home/shane/.rbenv/bin:/home/shane/.rbenv/shims:/home/shane/bin:/home/shane/npm/bin:/home/shane/.pyenv/bin:/home/shane/.pyenv/bin:.nvm/versions/node/v8.1.0/bin:/sbin:/usr/bin:/usr/local/bin:/usr/local/sbin:/usr/sbin:/home/shane/Code/go/bin:/usr/local/go/bin:/home/shane/Android/Sdk/emulator:/home/shane/Android/Sdk/tools:/home/shane/Android/Sdk/tools/bin:/home/shane/Android/Sdk/platform-tools:/home/shane/.i3/scripts:/home/shane/.local:/home/shane/.local/bin:/home/shane/.rbenv/bin:/home/shane/.rbenv/shims:/home/shane/bin:/home/shane/npm/bin:/home/shane/.pyenv/bin:/home/shane/.pyenv/bin:.nvm/versions/node/v8.1.0/bin:/sbin:/usr/bin:/usr/local/bin:/usr/local/sbin:/usr/sbin:/home/shane/Code/go/bin:/usr/local/go/bin:/home/shane/Android/Sdk/emulator:/home/shane/Android/Sdk/tools:/home/shane/Android/Sdk/tools/bin:/home/shane/Android/Sdk/platform-tools:/home/shane/.i3/scripts:/home/shane/.local:/home/shane/.local/bin:/home/shane/.rbenv/bin:/home/shane/.rbenv/shims:/home/shane/bin:/home/shane/npm/bin:/home/shane/.pyenv/bin:/home/shane/.pyenv/bin:.nvm/versions/node/v8.1.0/bin:/sbin:/usr/bin:/usr/local/bin:/usr/local/sbin:/usr/sbin:/home/shane/Code/go/bin:/usr/local/go/bin:/home/shane/Android/Sdk/emulator:/home/shane/Android/Sdk/tools:/home/shane/Android/Sdk/tools/bin:/home/shane/Android/Sdk/platform-tools:/home/shane/.i3/scripts:/home/shane/.local:/home/shane/.local/bin:/home/shane/.rbenv/bin:/home/shane/.rbenv/shims:/home/shane/bin:/home/shane/npm/bin:/home/shane/.pyenv/bin:/home/shane/.pyenv/bin:.nvm/versions/node/v8.1.0/bin:/sbin:/usr/bin:/usr/local/bin:/usr/local/sbin:/usr/sbin:/home/shane/Code/go/bin:/usr/local/go/bin:/home/shane/Android/Sdk/emulator:/home/shane/Android/Sdk/tools:/home/shane/Android/Sdk/tools/bin:/home/shane/Android/Sdk/platform-tools:/home/shane/.i3/scripts:/home/shane/.local:/home/shane/.local/bin:/home/shane/.rbenv/bin:/home/shane/.rbenv/shims:/home/shane/bin:/home/shane/npm/bin:/home/shane/.pyenv/bin:/home/shane/.pyenv/bin:.nvm/versions/node/v8.1.0/bin:/sbin:/usr/bin:/usr/local/bin:/usr/local/sbin:/usr/sbin

Yarn version: 
  1.22.5

Node version: 
  14.9.0

Platform: 
  linux x64

Trace: 
  Error: EACCES: permission denied, mkdir '/home/shane/Code/github.com/Kajabi/sage-lib/node_modules/make-dir/node_modules/pify'

npm manifest: 
  {
    "name": "root",
    "private": true,
    "workspaces": [
      "packages/sage-*"
    ],
    "devDependencies": {
      "eslint": "^7.10.0",
      "lerna": "^3.22.1"
    },
    "scripts": {
      "bootstrap": "yarn lerna bootstrap",
      "build": "cd packages/sage-assets && yarn build"
    }
  }

yarn manifest: 
  No manifest

Lockfile: 
  No lockfile
